#
# A fatal error has been detected by the Java Runtime Environment:
#
#  SIGSEGV (0xb) at pc=0x00007fd53003e0d0, pid=17154, tid=0x00007fd4b81f4700
#
# JRE version: Java(TM) SE Runtime Environment (8.0_181-b13) (build 1.8.0_181-b13)
# Java VM: Java HotSpot(TM) 64-Bit Server VM (25.181-b13 mixed mode linux-amd64 compressed oops)
# Problematic frame:
# C  0x00007fd53003e0d0
#
# Failed to write core dump. Core dumps have been disabled. To enable core dumping, try "ulimit -c unlimited" before starting Java again
#
# If you would like to submit a bug report, please visit:
#   http://bugreport.java.com/bugreport/crash.jsp
# The crash happened outside the Java Virtual Machine in native code.
# See problematic frame for where to report the bug.
#

---------------  T H R E A D  ---------------

Current thread (0x00007fd530b06000):  JavaThread "Thread-1" [_thread_in_native, id=17216, stack(0x00007fd4b80f4000,0x00007fd4b81f5000)]

siginfo: si_signo: 11 (SIGSEGV), si_code: 2 (SEGV_ACCERR), si_addr: 0x00007fd53003e0d0

Registers:
RAX=0x00007fd53003e0d0, RBX=0x0000000671680da0, RCX=0x00007fd530a855d0, RDX=0x00007fd530a85a20
RSP=0x00007fd4b81f3548, RBP=0x00007fd4b81f35d0, RSI=0x00007fd530a855d0, RDI=0x00007fd530a85a20
R8 =0x0000000000000000, R9 =0x0000000000000006, R10=0x0000000000000649, R11=0x00007fd4b8ba8150
R12=0x0000000000000000, R13=0x00007fd4b81f3688, R14=0x0000000000000000, R15=0x00007fd530b06000
RIP=0x00007fd53003e0d0, EFLAGS=0x0000000000010206, CSGSFS=0x0000000000000033, ERR=0x0000000000000015
  TRAPNO=0x000000000000000e

Top of Stack: (sp=0x00007fd4b81f3548)
0x00007fd4b81f3548:   00007fd4b8bb3276 0000000000000000
0x00007fd4b81f3558:   0000000030b06000 00007fd4b81f35e0
0x00007fd4b81f3568:   00007fd530b061f8 00007fd4b81f3570
0x00007fd4b81f3578:   0000001919269518 000000100000003f
0x00007fd4b81f3588:   00007fd530a85780 00007fd530481cb0
0x00007fd4b81f3598:   00007fd530a85a20 00007fd458000bb0
0x00007fd4b81f35a8:   00007fd53040c7e0 00007fd530a85780
0x00007fd4b81f35b8:   00007fd530a855d0 00007fd5192693f3
0x00007fd4b81f35c8:   11af1359d65d1300 00007fd4b81f3620
0x00007fd4b81f35d8:   00007fd51fff3928 0000000671680da0
0x00007fd4b81f35e8:   0000000000000000 00007fd4b81f3630
0x00007fd4b81f35f8:   00007fd4b81f36d8 00007fd51fff3d44
0x00007fd4b81f3608:   0000000000000000 0000000672d358f0
0x00007fd4b81f3618:   0000000000000000 00007fd4b81f36d8
0x00007fd4b81f3628:   00007fd51fff3cc4 0000000000000000
0x00007fd4b81f3638:   00007fd4b81f3638 00007fd5192694ec
0x00007fd4b81f3648:   00007fd4b81f3690 0000000671680da0
0x00007fd4b81f3658:   0000000000000000 00007fd519269518
0x00007fd4b81f3668:   0000000000000000 00007fd4b81f36d8
0x00007fd4b81f3678:   00007fd51fd13da0 00007fd51fd13da0
0x00007fd4b81f3688:   0000000000000000 0000000671680da0
0x00007fd4b81f3698:   00007fd4b81f3698 00007fd51926d6a2
0x00007fd4b81f36a8:   00007fd4b81f36e8 00007fd51926d7f8
0x00007fd4b81f36b8:   0000000000000000 00007fd51926d6c8
0x00007fd4b81f36c8:   00007fd4b81f3688 00007fd4b81f36e8
0x00007fd4b81f36d8:   00007fd4b81f3750 00007fd51fd0c7a7
0x00007fd4b81f36e8:   00000006716ac1c8 0000000000001fa0
0x00007fd4b81f36f8:   00007fd530b058a0 00007fd530b06000
0x00007fd4b81f3708:   00007fd4b81f37d0 00007fd530b06000
0x00007fd4b81f3718:   00007fd4b81f3790 00007fd4b81f3790
0x00007fd4b81f3728:   00007fd4b81f3a88 00007fd50000000a
0x00007fd4b81f3738:   00007fd51926d6c8 00007fd51fd254c0 

Instructions: (pc=0x00007fd53003e0d0)
0x00007fd53003e0b0:   00 00 00 00 00 00 00 00 00 00 00 00 00 00 00 00
0x00007fd53003e0c0:   00 00 00 00 00 00 00 00 65 00 00 00 00 00 00 00
0x00007fd53003e0d0:   00 00 00 00 00 00 00 00 78 41 40 71 06 00 00 00
0x00007fd53003e0e0:   f0 55 06 30 d5 7f 00 00 30 e1 03 30 d5 7f 00 00 

Register to memory mapping:

RAX=0x00007fd53003e0d0 is an unknown value
RBX=0x0000000671680da0 is an oop
com.intel.hpnl.core.CqService 
 - klass: 'com/intel/hpnl/core/CqService'
RCX=0x00007fd530a855d0 is an unknown value
RDX=0x00007fd530a85a20 is an unknown value
RSP=0x00007fd4b81f3548 is pointing into the stack for thread: 0x00007fd530b06000
RBP=0x00007fd4b81f35d0 is pointing into the stack for thread: 0x00007fd530b06000
RSI=0x00007fd530a855d0 is an unknown value
RDI=0x00007fd530a85a20 is an unknown value
R8 =0x0000000000000000 is an unknown value
R9 =0x0000000000000006 is an unknown value
R10=0x0000000000000649 is an unknown value
R11=0x00007fd4b8ba8150: _ZNKSt8_Rb_treeIiSt4pairIKiP5ChunkESt10_Select1stIS4_ESt4lessIiESaIS4_EE8key_compEv+0 in /usr/local/lib/libhpnl.so at 0x00007fd4b8b39000
R12=0x0000000000000000 is an unknown value
R13=0x00007fd4b81f3688 is pointing into the stack for thread: 0x00007fd530b06000
R14=0x0000000000000000 is an unknown value
R15=0x00007fd530b06000 is a thread


Stack: [0x00007fd4b80f4000,0x00007fd4b81f5000],  sp=0x00007fd4b81f3548,  free space=1021k
Native frames: (J=compiled Java code, j=interpreted, Vv=VM code, C=native code)
C  0x00007fd53003e0d0
J 98  com.intel.hpnl.core.CqService.wait_cq_event(I)I (0 bytes) @ 0x00007fd51fff3928 [0x00007fd51fff3880+0xa8]
J 97 C1 com.intel.hpnl.core.CqService.wait_event(I)I (18 bytes) @ 0x00007fd51fff3cc4 [0x00007fd51fff3c20+0xa4]
j  com.intel.hpnl.core.CqThread.run()V+18
v  ~StubRoutines::call_stub
V  [libjvm.so+0x697a76]  JavaCalls::call_helper(JavaValue*, methodHandle*, JavaCallArguments*, Thread*)+0x1056
V  [libjvm.so+0x697f81]  JavaCalls::call_virtual(JavaValue*, KlassHandle, Symbol*, Symbol*, JavaCallArguments*, Thread*)+0x321
V  [libjvm.so+0x698427]  JavaCalls::call_virtual(JavaValue*, Handle, KlassHandle, Symbol*, Symbol*, Thread*)+0x47
V  [libjvm.so+0x71789e]  thread_entry(JavaThread*, Thread*)+0x7e
V  [libjvm.so+0xa813f3]  JavaThread::thread_main_inner()+0x103
V  [libjvm.so+0xa8153c]  JavaThread::run()+0x11c
V  [libjvm.so+0x930198]  java_start(Thread*)+0x108
C  [libpthread.so.0+0x76ba]  start_thread+0xca

Java frames: (J=compiled Java code, j=interpreted, Vv=VM code)
J 98  com.intel.hpnl.core.CqService.wait_cq_event(I)I (0 bytes) @ 0x00007fd51fff38b8 [0x00007fd51fff3880+0x38]
J 97 C1 com.intel.hpnl.core.CqService.wait_event(I)I (18 bytes) @ 0x00007fd51fff3cc4 [0x00007fd51fff3c20+0xa4]
j  com.intel.hpnl.core.CqThread.run()V+18
v  ~StubRoutines::call_stub

---------------  P R O C E S S  ---------------

Java Threads: ( => current thread )
=>0x00007fd530b06000 JavaThread "Thread-1" [_thread_in_native, id=17216, stack(0x00007fd4b80f4000,0x00007fd4b81f5000)]
  0x00007fd5303ed800 JavaThread "Service Thread" daemon [_thread_blocked, id=17210, stack(0x00007fd4b8ecd000,0x00007fd4b8fce000)]
  0x00007fd5303e0000 JavaThread "C1 CompilerThread11" daemon [_thread_blocked, id=17209, stack(0x00007fd4b8fce000,0x00007fd4b90cf000)]
  0x00007fd5303de000 JavaThread "C1 CompilerThread10" daemon [_thread_blocked, id=17208, stack(0x00007fd4b90cf000,0x00007fd4b91d0000)]
  0x00007fd5303dc000 JavaThread "C1 CompilerThread9" daemon [_thread_blocked, id=17207, stack(0x00007fd4b91d0000,0x00007fd4b92d1000)]
  0x00007fd5303da000 JavaThread "C1 CompilerThread8" daemon [_thread_blocked, id=17206, stack(0x00007fd4b92d1000,0x00007fd4b93d2000)]
  0x00007fd5303d8000 JavaThread "C2 CompilerThread7" daemon [_thread_blocked, id=17205, stack(0x00007fd4b93d2000,0x00007fd4b94d3000)]
  0x00007fd5303d6800 JavaThread "C2 CompilerThread6" daemon [_thread_blocked, id=17204, stack(0x00007fd4b94d3000,0x00007fd4b95d4000)]
  0x00007fd5303d4800 JavaThread "C2 CompilerThread5" daemon [_thread_blocked, id=17203, stack(0x00007fd4b95d4000,0x00007fd4b96d5000)]
  0x00007fd5303d2800 JavaThread "C2 CompilerThread4" daemon [_thread_blocked, id=17202, stack(0x00007fd4b96d5000,0x00007fd4b97d6000)]
  0x00007fd5303d0800 JavaThread "C2 CompilerThread3" daemon [_thread_blocked, id=17201, stack(0x00007fd4b97d6000,0x00007fd4b98d7000)]
  0x00007fd5303ce800 JavaThread "C2 CompilerThread2" daemon [_thread_blocked, id=17200, stack(0x00007fd4b98d7000,0x00007fd4b99d8000)]
  0x00007fd5303c8800 JavaThread "C2 CompilerThread1" daemon [_thread_blocked, id=17199, stack(0x00007fd4b99d8000,0x00007fd4b9ad9000)]
  0x00007fd5303c5800 JavaThread "C2 CompilerThread0" daemon [_thread_blocked, id=17198, stack(0x00007fd4b9ad9000,0x00007fd4b9bda000)]
  0x00007fd530308000 JavaThread "JDWP Event Helper Thread" daemon [_thread_blocked, id=17195, stack(0x00007fd4b9cdb000,0x00007fd4b9ddc000)]
  0x00007fd5302f8000 JavaThread "Signal Dispatcher" daemon [_thread_blocked, id=17192, stack(0x00007fd4ba0e1000,0x00007fd4ba1e2000)]
  0x00007fd5302c6000 JavaThread "Finalizer" daemon [_thread_blocked, id=17176, stack(0x00007fd4ba1e2000,0x00007fd4ba2e3000)]
  0x00007fd5302c3800 JavaThread "Reference Handler" daemon [_thread_blocked, id=17175, stack(0x00007fd4ba2e3000,0x00007fd4ba3e4000)]
  0x00007fd53000e000 JavaThread "main" [_thread_blocked, id=17155, stack(0x00007fd5367ea000,0x00007fd5368eb000)]

Other Threads:
  0x00007fd5302b9800 VMThread [stack: 0x00007fd4ba3e4000,0x00007fd4ba4e5000] [id=17174]
  0x00007fd530400800 WatcherThread [stack: 0x00007fd4b8dcc000,0x00007fd4b8ecd000] [id=17211]

VM state:not at safepoint (normal execution)

VM Mutex/Monitor currently owned by a thread: None

Heap:
 PSYoungGen      total 300544K, used 30965K [0x0000000671400000, 0x0000000686300000, 0x00000007c0000000)
  eden space 258048K, 12% used [0x0000000671400000,0x000000067323d768,0x0000000681000000)
  from space 42496K, 0% used [0x0000000683980000,0x0000000683980000,0x0000000686300000)
  to   space 42496K, 0% used [0x0000000681000000,0x0000000681000000,0x0000000683980000)
 ParOldGen       total 687104K, used 0K [0x00000003d3c00000, 0x00000003fdb00000, 0x0000000671400000)
  object space 687104K, 0% used [0x00000003d3c00000,0x00000003d3c00000,0x00000003fdb00000)
 Metaspace       used 3733K, capacity 4692K, committed 4864K, reserved 1056768K
  class space    used 408K, capacity 464K, committed 512K, reserved 1048576K

Card table byte_map: [0x00007fd51d9e9000,0x00007fd51f94c000] byte_map_base: 0x00007fd51bb4b000

Marking Bits: (ParMarkBitMap*) 0x00007fd535cb80a0
 Begin Bits: [0x00007fd4c09e0000, 0x00007fd4d04f0000)
 End Bits:   [0x00007fd4d04f0000, 0x00007fd4e0000000)

Polling page: 0x00007fd53690a000

CodeCache: size=245760Kb used=2980Kb max_used=2980Kb free=242779Kb
 bounds [0x00007fd51fd0c000, 0x00007fd51fffc000, 0x00007fd52ed0c000]
 total_blobs=358 nmethods=102 adapters=175
 compilation: enabled

Compilation events (10 events):
Event: 50.827 Thread 0x00007fd5303e0000 nmethod 96 0x00007fd51fff2dd0 code [0x00007fd51fff2f40, 0x00007fd51fff3130]
Event: 50.827 Thread 0x00007fd5303de000 nmethod 95 0x00007fd51fff3210 code [0x00007fd51fff3380, 0x00007fd51fff3610]
Event: 51.027 Thread 0x00007fd5303da000   97       3       com.intel.hpnl.core.CqService::wait_event (18 bytes)
Event: 51.027 Thread 0x00007fd5303da000 nmethod 97 0x00007fd51fff3a90 code [0x00007fd51fff3c20, 0x00007fd51fff3e78]
Event: 51.229 Thread 0x00007fd5303dc000  100       3       com.intel.hpnl.core.EqService::externalEvent (26 bytes)
Event: 51.229 Thread 0x00007fd5303e0000  101       3       com.intel.hpnl.core.EqService::needReap (16 bytes)
Event: 51.229 Thread 0x00007fd5303de000  102       3       java.util.concurrent.LinkedBlockingQueue::size (8 bytes)
Event: 51.229 Thread 0x00007fd5303de000 nmethod 102 0x00007fd51fff42d0 code [0x00007fd51fff4440, 0x00007fd51fff4630]
Event: 51.230 Thread 0x00007fd5303e0000 nmethod 101 0x00007fd51fff46d0 code [0x00007fd51fff4840, 0x00007fd51fff4b10]
Event: 51.230 Thread 0x00007fd5303dc000 nmethod 100 0x00007fd51fff4c50 code [0x00007fd51fff4e00, 0x00007fd51fff5378]

GC Heap History (0 events):
No events

Deoptimization events (0 events):
No events

Classes redefined (0 events):
No events

Internal exceptions (6 events):
Event: 0.035 Thread 0x00007fd53000e000 Exception <a 'java/lang/NoSuchMethodError': Method sun.misc.Unsafe.defineClass(Ljava/lang/String;[BII)Ljava/lang/Class; name or signature does not match> (0x0000000671407cb0) thrown at [/HUDSON/workspace/8-2-build-linux-amd64/jdk8u181/11358/hotspot/src/sh
Event: 0.035 Thread 0x00007fd53000e000 Exception <a 'java/lang/NoSuchMethodError': Method sun.misc.Unsafe.prefetchRead(Ljava/lang/Object;J)V name or signature does not match> (0x0000000671407f98) thrown at [/HUDSON/workspace/8-2-build-linux-amd64/jdk8u181/11358/hotspot/src/share/vm/prims/jni.c
Event: 0.121 Thread 0x00007fd53000e000 Exception <a 'java/security/PrivilegedActionException'> (0x00000006715523f8) thrown at [/HUDSON/workspace/8-2-build-linux-amd64/jdk8u181/11358/hotspot/src/share/vm/prims/jvm.cpp, line 1435]
Event: 0.121 Thread 0x00007fd53000e000 Exception <a 'java/security/PrivilegedActionException'> (0x0000000671552608) thrown at [/HUDSON/workspace/8-2-build-linux-amd64/jdk8u181/11358/hotspot/src/share/vm/prims/jvm.cpp, line 1435]
Event: 0.122 Thread 0x00007fd53000e000 Exception <a 'java/security/PrivilegedActionException'> (0x0000000671554a70) thrown at [/HUDSON/workspace/8-2-build-linux-amd64/jdk8u181/11358/hotspot/src/share/vm/prims/jvm.cpp, line 1435]
Event: 0.122 Thread 0x00007fd53000e000 Exception <a 'java/security/PrivilegedActionException'> (0x0000000671554c80) thrown at [/HUDSON/workspace/8-2-build-linux-amd64/jdk8u181/11358/hotspot/src/share/vm/prims/jvm.cpp, line 1435]

Events (10 events):
Event: 61.146 Executing VM operation: ChangeBreakpoints
Event: 61.146 Executing VM operation: ChangeBreakpoints done
Event: 61.146 Executing VM operation: ChangeBreakpoints
Event: 61.146 Executing VM operation: ChangeBreakpoints done
Event: 61.146 Executing VM operation: ChangeBreakpoints
Event: 61.146 Executing VM operation: ChangeBreakpoints done
Event: 61.146 Executing VM operation: ChangeBreakpoints
Event: 61.147 Executing VM operation: ChangeBreakpoints done
Event: 61.147 Thread 0x00007fd4a8001000 Thread exited: 0x00007fd4a8001000
Event: 61.147 Thread 0x00007fd530b04000 Thread exited: 0x00007fd530b04000


Dynamic libraries:
00400000-00401000 r-xp 00000000 103:02 23333428                          /usr/lib/jvm/java-8-oracle/bin/java
00600000-00601000 rw-p 00000000 103:02 23333428                          /usr/lib/jvm/java-8-oracle/bin/java
0101c000-0103d000 rw-p 00000000 00:00 0                                  [heap]
3d3c00000-3fdb00000 rw-p 00000000 00:00 0 
3fdb00000-671400000 ---p 00000000 00:00 0 
671400000-686300000 rw-p 00000000 00:00 0 
686300000-7c0000000 ---p 00000000 00:00 0 
7c0000000-7c0080000 rw-p 00000000 00:00 0 
7c0080000-800000000 ---p 00000000 00:00 0 
7fd44c000000-7fd44c021000 rw-p 00000000 00:00 0 
7fd44c021000-7fd450000000 ---p 00000000 00:00 0 
7fd454000000-7fd454021000 rw-p 00000000 00:00 0 
7fd454021000-7fd458000000 ---p 00000000 00:00 0 
7fd458000000-7fd45829f000 rw-p 00000000 00:00 0 
7fd45829f000-7fd45c000000 ---p 00000000 00:00 0 
7fd45c000000-7fd45c021000 rw-p 00000000 00:00 0 
7fd45c021000-7fd460000000 ---p 00000000 00:00 0 
7fd4627fd000-7fd4627fe000 ---p 00000000 00:00 0 
7fd4627fe000-7fd462ffe000 rw-p 00000000 00:00 0 
7fd462ffe000-7fd462fff000 ---p 00000000 00:00 0 
7fd462fff000-7fd4637ff000 rw-p 00000000 00:00 0 
7fd4637ff000-7fd463800000 ---p 00000000 00:00 0 
7fd463800000-7fd464000000 rw-p 00000000 00:00 0 
7fd464000000-7fd464021000 rw-p 00000000 00:00 0 
7fd464021000-7fd468000000 ---p 00000000 00:00 0 
7fd468000000-7fd468021000 rw-p 00000000 00:00 0 
7fd468021000-7fd46c000000 ---p 00000000 00:00 0 
7fd46c000000-7fd46c03c000 rw-p 00000000 00:00 0 
7fd46c03c000-7fd470000000 ---p 00000000 00:00 0 
7fd470000000-7fd470021000 rw-p 00000000 00:00 0 
7fd470021000-7fd474000000 ---p 00000000 00:00 0 
7fd474000000-7fd474027000 rw-p 00000000 00:00 0 
7fd474027000-7fd478000000 ---p 00000000 00:00 0 
7fd478000000-7fd478025000 rw-p 00000000 00:00 0 
7fd478025000-7fd47c000000 ---p 00000000 00:00 0 
7fd47c000000-7fd47c021000 rw-p 00000000 00:00 0 
7fd47c021000-7fd480000000 ---p 00000000 00:00 0 
7fd480000000-7fd480021000 rw-p 00000000 00:00 0 
7fd480021000-7fd484000000 ---p 00000000 00:00 0 
7fd484000000-7fd484021000 rw-p 00000000 00:00 0 
7fd484021000-7fd488000000 ---p 00000000 00:00 0 
7fd488000000-7fd488021000 rw-p 00000000 00:00 0 
7fd488021000-7fd48c000000 ---p 00000000 00:00 0 
7fd48c000000-7fd48c023000 rw-p 00000000 00:00 0 
7fd48c023000-7fd490000000 ---p 00000000 00:00 0 
7fd490000000-7fd490021000 rw-p 00000000 00:00 0 
7fd490021000-7fd494000000 ---p 00000000 00:00 0 
7fd494000000-7fd49408a000 rw-p 00000000 00:00 0 
7fd49408a000-7fd498000000 ---p 00000000 00:00 0 
7fd498000000-7fd498021000 rw-p 00000000 00:00 0 
7fd498021000-7fd49c000000 ---p 00000000 00:00 0 
7fd49c000000-7fd49c021000 rw-p 00000000 00:00 0 
7fd49c021000-7fd4a0000000 ---p 00000000 00:00 0 
7fd4a0000000-7fd4a0021000 rw-p 00000000 00:00 0 
7fd4a0021000-7fd4a4000000 ---p 00000000 00:00 0 
7fd4a4000000-7fd4a4021000 rw-p 00000000 00:00 0 
7fd4a4021000-7fd4a8000000 ---p 00000000 00:00 0 
7fd4a8000000-7fd4a8021000 rw-p 00000000 00:00 0 
7fd4a8021000-7fd4ac000000 ---p 00000000 00:00 0 
7fd4ac000000-7fd4ac021000 rw-p 00000000 00:00 0 
7fd4ac021000-7fd4b0000000 ---p 00000000 00:00 0 
7fd4b0000000-7fd4b0021000 rw-p 00000000 00:00 0 
7fd4b0021000-7fd4b4000000 ---p 00000000 00:00 0 
7fd4b4000000-7fd4b4021000 rw-p 00000000 00:00 0 
7fd4b4021000-7fd4b8000000 ---p 00000000 00:00 0 
7fd4b80f4000-7fd4b80f7000 ---p 00000000 00:00 0 
7fd4b80f7000-7fd4b81f5000 rw-p 00000000 00:00 0 
7fd4b81f5000-7fd4b81f8000 ---p 00000000 00:00 0 
7fd4b81f8000-7fd4b82f6000 rw-p 00000000 00:00 0 
7fd4b82f6000-7fd4b830c000 r-xp 00000000 103:02 26612101                  /lib/x86_64-linux-gnu/libgcc_s.so.1
7fd4b830c000-7fd4b850b000 ---p 00016000 103:02 26612101                  /lib/x86_64-linux-gnu/libgcc_s.so.1
7fd4b850b000-7fd4b850c000 rw-p 00015000 103:02 26612101                  /lib/x86_64-linux-gnu/libgcc_s.so.1
7fd4b850c000-7fd4b867e000 r-xp 00000000 103:02 23201922                  /usr/lib/x86_64-linux-gnu/libstdc++.so.6.0.21
7fd4b867e000-7fd4b887e000 ---p 00172000 103:02 23201922                  /usr/lib/x86_64-linux-gnu/libstdc++.so.6.0.21
7fd4b887e000-7fd4b8888000 r--p 00172000 103:02 23201922                  /usr/lib/x86_64-linux-gnu/libstdc++.so.6.0.21
7fd4b8888000-7fd4b888a000 rw-p 0017c000 103:02 23201922                  /usr/lib/x86_64-linux-gnu/libstdc++.so.6.0.21
7fd4b888a000-7fd4b888e000 rw-p 00000000 00:00 0 
7fd4b888e000-7fd4b8933000 r-xp 00000000 103:02 23594231                  /usr/local/lib/libfabric.so.1
7fd4b8933000-7fd4b8b32000 ---p 000a5000 103:02 23594231                  /usr/local/lib/libfabric.so.1
7fd4b8b32000-7fd4b8b33000 r--p 000a4000 103:02 23594231                  /usr/local/lib/libfabric.so.1
7fd4b8b33000-7fd4b8b39000 rw-p 000a5000 103:02 23594231                  /usr/local/lib/libfabric.so.1
7fd4b8b39000-7fd4b8bc8000 r-xp 00000000 103:02 23594040                  /usr/local/lib/libhpnl.so
7fd4b8bc8000-7fd4b8dc7000 ---p 0008f000 103:02 23594040                  /usr/local/lib/libhpnl.so
7fd4b8dc7000-7fd4b8dc8000 r--p 0008e000 103:02 23594040                  /usr/local/lib/libhpnl.so
7fd4b8dc8000-7fd4b8dcc000 rw-p 0008f000 103:02 23594040                  /usr/local/lib/libhpnl.so
7fd4b8dcc000-7fd4b8dcd000 ---p 00000000 00:00 0 
7fd4b8dcd000-7fd4b8ecd000 rw-p 00000000 00:00 0 
7fd4b8ecd000-7fd4b8ed0000 ---p 00000000 00:00 0 
7fd4b8ed0000-7fd4b8fce000 rw-p 00000000 00:00 0 
7fd4b8fce000-7fd4b8fd1000 ---p 00000000 00:00 0 
7fd4b8fd1000-7fd4b90cf000 rw-p 00000000 00:00 0 
7fd4b90cf000-7fd4b90d2000 ---p 00000000 00:00 0 
7fd4b90d2000-7fd4b91d0000 rw-p 00000000 00:00 0 
7fd4b91d0000-7fd4b91d3000 ---p 00000000 00:00 0 
7fd4b91d3000-7fd4b92d1000 rw-p 00000000 00:00 0 
7fd4b92d1000-7fd4b92d4000 ---p 00000000 00:00 0 
7fd4b92d4000-7fd4b93d2000 rw-p 00000000 00:00 0 
7fd4b93d2000-7fd4b93d5000 ---p 00000000 00:00 0 
7fd4b93d5000-7fd4b94d3000 rw-p 00000000 00:00 0 
7fd4b94d3000-7fd4b94d6000 ---p 00000000 00:00 0 
7fd4b94d6000-7fd4b95d4000 rw-p 00000000 00:00 0 
7fd4b95d4000-7fd4b95d7000 ---p 00000000 00:00 0 
7fd4b95d7000-7fd4b96d5000 rw-p 00000000 00:00 0 
7fd4b96d5000-7fd4b96d8000 ---p 00000000 00:00 0 
7fd4b96d8000-7fd4b97d6000 rw-p 00000000 00:00 0 
7fd4b97d6000-7fd4b97d9000 ---p 00000000 00:00 0 
7fd4b97d9000-7fd4b98d7000 rw-p 00000000 00:00 0 
7fd4b98d7000-7fd4b98da000 ---p 00000000 00:00 0 
7fd4b98da000-7fd4b99d8000 rw-p 00000000 00:00 0 
7fd4b99d8000-7fd4b99db000 ---p 00000000 00:00 0 
7fd4b99db000-7fd4b9ad9000 rw-p 00000000 00:00 0 
7fd4b9ad9000-7fd4b9adc000 ---p 00000000 00:00 0 
7fd4b9adc000-7fd4b9bda000 rw-p 00000000 00:00 0 
7fd4b9bda000-7fd4b9bdd000 ---p 00000000 00:00 0 
7fd4b9bdd000-7fd4b9cdb000 rw-p 00000000 00:00 0 
7fd4b9cdb000-7fd4b9cde000 ---p 00000000 00:00 0 
7fd4b9cde000-7fd4b9ddc000 rw-p 00000000 00:00 0 
7fd4b9ddc000-7fd4b9ddf000 ---p 00000000 00:00 0 
7fd4b9ddf000-7fd4b9edd000 rw-p 00000000 00:00 0 
7fd4b9edd000-7fd4b9ee1000 r-xp 00000000 103:02 23466559                  /usr/lib/jvm/java-8-oracle/jre/lib/amd64/libdt_socket.so
7fd4b9ee1000-7fd4ba0e0000 ---p 00004000 103:02 23466559                  /usr/lib/jvm/java-8-oracle/jre/lib/amd64/libdt_socket.so
7fd4ba0e0000-7fd4ba0e1000 rw-p 00003000 103:02 23466559                  /usr/lib/jvm/java-8-oracle/jre/lib/amd64/libdt_socket.so
7fd4ba0e1000-7fd4ba0e4000 ---p 00000000 00:00 0 
7fd4ba0e4000-7fd4ba1e2000 rw-p 00000000 00:00 0 
7fd4ba1e2000-7fd4ba1e5000 ---p 00000000 00:00 0 
7fd4ba1e5000-7fd4ba2e3000 rw-p 00000000 00:00 0 
7fd4ba2e3000-7fd4ba2e6000 ---p 00000000 00:00 0 
7fd4ba2e6000-7fd4ba3e4000 rw-p 00000000 00:00 0 
7fd4ba3e4000-7fd4ba3e5000 ---p 00000000 00:00 0 
7fd4ba3e5000-7fd4bc000000 rw-p 00000000 00:00 0 
7fd4bc000000-7fd4bc021000 rw-p 00000000 00:00 0 
7fd4bc021000-7fd4c0000000 ---p 00000000 00:00 0 
7fd4c0095000-7fd4c00d7000 r--s 00361000 103:02 22833200                  /home/jiafu/.m2/repository/io/netty/netty-all/4.1.22.Final/netty-all-4.1.22.Final.jar
7fd4c00d7000-7fd4e0000000 rw-p 00000000 00:00 0 
7fd4e0000000-7fd4e0021000 rw-p 00000000 00:00 0 
7fd4e0021000-7fd4e4000000 ---p 00000000 00:00 0 
7fd4e4000000-7fd4e4021000 rw-p 00000000 00:00 0 
7fd4e4021000-7fd4e8000000 ---p 00000000 00:00 0 
7fd4e8000000-7fd4e8021000 rw-p 00000000 00:00 0 
7fd4e8021000-7fd4ec000000 ---p 00000000 00:00 0 
7fd4ec000000-7fd4ec021000 rw-p 00000000 00:00 0 
7fd4ec021000-7fd4f0000000 ---p 00000000 00:00 0 
7fd4f0000000-7fd4f0021000 rw-p 00000000 00:00 0 
7fd4f0021000-7fd4f4000000 ---p 00000000 00:00 0 
7fd4f4000000-7fd4f4021000 rw-p 00000000 00:00 0 
7fd4f4021000-7fd4f8000000 ---p 00000000 00:00 0 
7fd4f8000000-7fd4f8021000 rw-p 00000000 00:00 0 
7fd4f8021000-7fd4fc000000 ---p 00000000 00:00 0 
7fd4fc000000-7fd4fc021000 rw-p 00000000 00:00 0 
7fd4fc021000-7fd500000000 ---p 00000000 00:00 0 
7fd500000000-7fd500021000 rw-p 00000000 00:00 0 
7fd500021000-7fd504000000 ---p 00000000 00:00 0 
7fd504000000-7fd504021000 rw-p 00000000 00:00 0 
7fd504021000-7fd508000000 ---p 00000000 00:00 0 
7fd508000000-7fd508021000 rw-p 00000000 00:00 0 
7fd508021000-7fd50c000000 ---p 00000000 00:00 0 
7fd50c000000-7fd50c021000 rw-p 00000000 00:00 0 
7fd50c021000-7fd510000000 ---p 00000000 00:00 0 
7fd510000000-7fd510021000 rw-p 00000000 00:00 0 
7fd510021000-7fd514000000 ---p 00000000 00:00 0 
7fd514000000-7fd514021000 rw-p 00000000 00:00 0 
7fd514021000-7fd518000000 ---p 00000000 00:00 0 
7fd518026000-7fd51802b000 r--s 0009d000 103:02 23466535                  /usr/lib/jvm/java-8-oracle/jre/lib/jsse.jar
7fd51802b000-7fd51803e000 r--s 00345000 103:02 23466534                  /usr/lib/jvm/java-8-oracle/jre/lib/resources.jar
7fd51803e000-7fd518051000 r--s 000d6000 103:02 23466521                  /usr/lib/jvm/java-8-oracle/jre/lib/plugin.jar
7fd518051000-7fd51806d000 r--s 0020b000 103:02 23466508                  /usr/lib/jvm/java-8-oracle/jre/lib/deploy.jar
7fd51806d000-7fd518c79000 rw-p 00000000 00:00 0 
7fd518c79000-7fd518e53000 r--s 03d6b000 103:02 23466530                  /usr/lib/jvm/java-8-oracle/jre/lib/rt.jar
7fd518e53000-7fd519293000 rw-p 00000000 00:00 0 
7fd519293000-7fd519653000 ---p 00000000 00:00 0 
7fd519653000-7fd51b6ef000 rw-p 00000000 00:00 0 
7fd51b6ef000-7fd51b6f0000 ---p 00000000 00:00 0 
7fd51b6f0000-7fd51b7f0000 rw-p 00000000 00:00 0 
7fd51b7f0000-7fd51b7f1000 ---p 00000000 00:00 0 
7fd51b7f1000-7fd51b8f1000 rw-p 00000000 00:00 0 
7fd51b8f1000-7fd51b8f2000 ---p 00000000 00:00 0 
7fd51b8f2000-7fd51b9f2000 rw-p 00000000 00:00 0 
7fd51b9f2000-7fd51b9f3000 ---p 00000000 00:00 0 
7fd51b9f3000-7fd51baf3000 rw-p 00000000 00:00 0 
7fd51baf3000-7fd51baf4000 ---p 00000000 00:00 0 
7fd51baf4000-7fd51bbf4000 rw-p 00000000 00:00 0 
7fd51bbf4000-7fd51bbf5000 ---p 00000000 00:00 0 
7fd51bbf5000-7fd51bcf5000 rw-p 00000000 00:00 0 
7fd51bcf5000-7fd51bcf6000 ---p 00000000 00:00 0 
7fd51bcf6000-7fd51bdf6000 rw-p 00000000 00:00 0 
7fd51bdf6000-7fd51bdf7000 ---p 00000000 00:00 0 
7fd51bdf7000-7fd51bef7000 rw-p 00000000 00:00 0 
7fd51bef7000-7fd51bef8000 ---p 00000000 00:00 0 
7fd51bef8000-7fd51bff8000 rw-p 00000000 00:00 0 
7fd51bff8000-7fd51bff9000 ---p 00000000 00:00 0 
7fd51bff9000-7fd51c0f9000 rw-p 00000000 00:00 0 
7fd51c0f9000-7fd51c0fa000 ---p 00000000 00:00 0 
7fd51c0fa000-7fd51c1fa000 rw-p 00000000 00:00 0 
7fd51c1fa000-7fd51c1fb000 ---p 00000000 00:00 0 
7fd51c1fb000-7fd51c2fb000 rw-p 00000000 00:00 0 
7fd51c2fb000-7fd51c2fc000 ---p 00000000 00:00 0 
7fd51c2fc000-7fd51c3fc000 rw-p 00000000 00:00 0 
7fd51c3fc000-7fd51c3fd000 ---p 00000000 00:00 0 
7fd51c3fd000-7fd51c64d000 rw-p 00000000 00:00 0 
7fd51c64d000-7fd51d9e9000 ---p 00000000 00:00 0 
7fd51d9e9000-7fd51db39000 rw-p 00000000 00:00 0 
7fd51db39000-7fd51eed5000 ---p 00000000 00:00 0 
7fd51eed5000-7fd51ef7d000 rw-p 00000000 00:00 0 
7fd51ef7d000-7fd51f94b000 ---p 00000000 00:00 0 
7fd51f94b000-7fd51f958000 rw-p 00000000 00:00 0 
7fd51f958000-7fd51fd0c000 ---p 00000000 00:00 0 
7fd51fd0c000-7fd51fffc000 rwxp 00000000 00:00 0 
7fd51fffc000-7fd52ed0c000 ---p 00000000 00:00 0 
7fd52ed0c000-7fd52ed27000 r-xp 00000000 103:02 23466586                  /usr/lib/jvm/java-8-oracle/jre/lib/amd64/libzip.so
7fd52ed27000-7fd52ef27000 ---p 0001b000 103:02 23466586                  /usr/lib/jvm/java-8-oracle/jre/lib/amd64/libzip.so
7fd52ef27000-7fd52ef28000 rw-p 0001b000 103:02 23466586                  /usr/lib/jvm/java-8-oracle/jre/lib/amd64/libzip.so
7fd52ef28000-7fd52ef33000 r-xp 00000000 103:02 26612716                  /lib/x86_64-linux-gnu/libnss_files-2.23.so
7fd52ef33000-7fd52f132000 ---p 0000b000 103:02 26612716                  /lib/x86_64-linux-gnu/libnss_files-2.23.so
7fd52f132000-7fd52f133000 r--p 0000a000 103:02 26612716                  /lib/x86_64-linux-gnu/libnss_files-2.23.so
7fd52f133000-7fd52f134000 rw-p 0000b000 103:02 26612716                  /lib/x86_64-linux-gnu/libnss_files-2.23.so
7fd52f134000-7fd52f13a000 rw-p 00000000 00:00 0 
7fd52f13a000-7fd52f145000 r-xp 00000000 103:02 26612720                  /lib/x86_64-linux-gnu/libnss_nis-2.23.so
7fd52f145000-7fd52f344000 ---p 0000b000 103:02 26612720                  /lib/x86_64-linux-gnu/libnss_nis-2.23.so
7fd52f344000-7fd52f345000 r--p 0000a000 103:02 26612720                  /lib/x86_64-linux-gnu/libnss_nis-2.23.so
7fd52f345000-7fd52f346000 rw-p 0000b000 103:02 26612720                  /lib/x86_64-linux-gnu/libnss_nis-2.23.so
7fd52f346000-7fd52f35c000 r-xp 00000000 103:02 26612700                  /lib/x86_64-linux-gnu/libnsl-2.23.so
7fd52f35c000-7fd52f55b000 ---p 00016000 103:02 26612700                  /lib/x86_64-linux-gnu/libnsl-2.23.so
7fd52f55b000-7fd52f55c000 r--p 00015000 103:02 26612700                  /lib/x86_64-linux-gnu/libnsl-2.23.so
7fd52f55c000-7fd52f55d000 rw-p 00016000 103:02 26612700                  /lib/x86_64-linux-gnu/libnsl-2.23.so
7fd52f55d000-7fd52f55f000 rw-p 00000000 00:00 0 
7fd52f55f000-7fd52f567000 r-xp 00000000 103:02 26612711                  /lib/x86_64-linux-gnu/libnss_compat-2.23.so
7fd52f567000-7fd52f766000 ---p 00008000 103:02 26612711                  /lib/x86_64-linux-gnu/libnss_compat-2.23.so
7fd52f766000-7fd52f767000 r--p 00007000 103:02 26612711                  /lib/x86_64-linux-gnu/libnss_compat-2.23.so
7fd52f767000-7fd52f768000 rw-p 00008000 103:02 26612711                  /lib/x86_64-linux-gnu/libnss_compat-2.23.so
7fd52f768000-7fd52f772000 r-xp 00000000 103:02 23466595                  /usr/lib/jvm/java-8-oracle/jre/lib/amd64/libinstrument.so
7fd52f772000-7fd52f971000 ---p 0000a000 103:02 23466595                  /usr/lib/jvm/java-8-oracle/jre/lib/amd64/libinstrument.so
7fd52f971000-7fd52f972000 rw-p 00009000 103:02 23466595                  /usr/lib/jvm/java-8-oracle/jre/lib/amd64/libinstrument.so
7fd52f972000-7fd52fdfd000 r--p 00000000 103:02 23201238                  /usr/lib/locale/locale-archive
7fd52fdfd000-7fd52fdff000 r-xp 00000000 103:02 23466561                  /usr/lib/jvm/java-8-oracle/jre/lib/amd64/libnpt.so
7fd52fdff000-7fd52ffff000 ---p 00002000 103:02 23466561                  /usr/lib/jvm/java-8-oracle/jre/lib/amd64/libnpt.so
7fd52ffff000-7fd530000000 rw-p 00002000 103:02 23466561                  /usr/lib/jvm/java-8-oracle/jre/lib/amd64/libnpt.so
7fd530000000-7fd530b08000 rw-p 00000000 00:00 0 
7fd530b08000-7fd534000000 ---p 00000000 00:00 0 
7fd534000000-7fd534002000 r--s 00001000 103:02 19537381                  /tmp/debugger-agent-storage4788489057238513232jar
7fd534002000-7fd534004000 r--s 00001000 103:02 19537381                  /tmp/debugger-agent-storage4788489057238513232jar
7fd534004000-7fd53400b000 r--s 00066000 103:02 18612942                  /home/jiafu/intellij/lib/rt/debugger-agent.jar
7fd53400b000-7fd53400d000 r--s 0001a000 103:02 18612852                  /home/jiafu/intellij/lib/idea_rt.jar
7fd53400d000-7fd53405c000 rw-p 00000000 00:00 0 
7fd53405c000-7fd53405d000 ---p 00000000 00:00 0 
7fd53405d000-7fd53415d000 rw-p 00000000 00:00 0 
7fd53415d000-7fd534197000 r-xp 00000000 103:02 23466573                  /usr/lib/jvm/java-8-oracle/jre/lib/amd64/libjdwp.so
7fd534197000-7fd534396000 ---p 0003a000 103:02 23466573                  /usr/lib/jvm/java-8-oracle/jre/lib/amd64/libjdwp.so
7fd534396000-7fd534397000 rw-p 00039000 103:02 23466573                  /usr/lib/jvm/java-8-oracle/jre/lib/amd64/libjdwp.so
7fd534397000-7fd534398000 rw-p 00000000 00:00 0 
7fd534398000-7fd5343c3000 r-xp 00000000 103:02 23466580                  /usr/lib/jvm/java-8-oracle/jre/lib/amd64/libjava.so
7fd5343c3000-7fd5345c2000 ---p 0002b000 103:02 23466580                  /usr/lib/jvm/java-8-oracle/jre/lib/amd64/libjava.so
7fd5345c2000-7fd5345c4000 rw-p 0002a000 103:02 23466580                  /usr/lib/jvm/java-8-oracle/jre/lib/amd64/libjava.so
7fd5345c4000-7fd5345d1000 r-xp 00000000 103:02 23466585                  /usr/lib/jvm/java-8-oracle/jre/lib/amd64/libverify.so
7fd5345d1000-7fd5347d1000 ---p 0000d000 103:02 23466585                  /usr/lib/jvm/java-8-oracle/jre/lib/amd64/libverify.so
7fd5347d1000-7fd5347d3000 rw-p 0000d000 103:02 23466585                  /usr/lib/jvm/java-8-oracle/jre/lib/amd64/libverify.so
7fd5347d3000-7fd5347da000 r-xp 00000000 103:02 26612721                  /lib/x86_64-linux-gnu/librt-2.23.so
7fd5347da000-7fd5349d9000 ---p 00007000 103:02 26612721                  /lib/x86_64-linux-gnu/librt-2.23.so
7fd5349d9000-7fd5349da000 r--p 00006000 103:02 26612721                  /lib/x86_64-linux-gnu/librt-2.23.so
7fd5349da000-7fd5349db000 rw-p 00007000 103:02 26612721                  /lib/x86_64-linux-gnu/librt-2.23.so
7fd5349db000-7fd534ae3000 r-xp 00000000 103:02 26612699                  /lib/x86_64-linux-gnu/libm-2.23.so
7fd534ae3000-7fd534ce2000 ---p 00108000 103:02 26612699                  /lib/x86_64-linux-gnu/libm-2.23.so
7fd534ce2000-7fd534ce3000 r--p 00107000 103:02 26612699                  /lib/x86_64-linux-gnu/libm-2.23.so
7fd534ce3000-7fd534ce4000 rw-p 00108000 103:02 26612699                  /lib/x86_64-linux-gnu/libm-2.23.so
7fd534ce4000-7fd5359c0000 r-xp 00000000 103:02 23734623                  /usr/lib/jvm/java-8-oracle/jre/lib/amd64/server/libjvm.so
7fd5359c0000-7fd535bc0000 ---p 00cdc000 103:02 23734623                  /usr/lib/jvm/java-8-oracle/jre/lib/amd64/server/libjvm.so
7fd535bc0000-7fd535c9a000 rw-p 00cdc000 103:02 23734623                  /usr/lib/jvm/java-8-oracle/jre/lib/amd64/server/libjvm.so
7fd535c9a000-7fd535ce5000 rw-p 00000000 00:00 0 
7fd535ce5000-7fd535ea5000 r-xp 00000000 103:02 26612703                  /lib/x86_64-linux-gnu/libc-2.23.so
7fd535ea5000-7fd5360a5000 ---p 001c0000 103:02 26612703                  /lib/x86_64-linux-gnu/libc-2.23.so
7fd5360a5000-7fd5360a9000 r--p 001c0000 103:02 26612703                  /lib/x86_64-linux-gnu/libc-2.23.so
7fd5360a9000-7fd5360ab000 rw-p 001c4000 103:02 26612703                  /lib/x86_64-linux-gnu/libc-2.23.so
7fd5360ab000-7fd5360af000 rw-p 00000000 00:00 0 
7fd5360af000-7fd5360b2000 r-xp 00000000 103:02 26612705                  /lib/x86_64-linux-gnu/libdl-2.23.so
7fd5360b2000-7fd5362b1000 ---p 00003000 103:02 26612705                  /lib/x86_64-linux-gnu/libdl-2.23.so
7fd5362b1000-7fd5362b2000 r--p 00002000 103:02 26612705                  /lib/x86_64-linux-gnu/libdl-2.23.so
7fd5362b2000-7fd5362b3000 rw-p 00003000 103:02 26612705                  /lib/x86_64-linux-gnu/libdl-2.23.so
7fd5362b3000-7fd5362c9000 r-xp 00000000 103:02 23466456                  /usr/lib/jvm/java-8-oracle/lib/amd64/jli/libjli.so
7fd5362c9000-7fd5364c8000 ---p 00016000 103:02 23466456                  /usr/lib/jvm/java-8-oracle/lib/amd64/jli/libjli.so
7fd5364c8000-7fd5364c9000 rw-p 00015000 103:02 23466456                  /usr/lib/jvm/java-8-oracle/lib/amd64/jli/libjli.so
7fd5364c9000-7fd5364e1000 r-xp 00000000 103:02 26612702                  /lib/x86_64-linux-gnu/libpthread-2.23.so
7fd5364e1000-7fd5366e0000 ---p 00018000 103:02 26612702                  /lib/x86_64-linux-gnu/libpthread-2.23.so
7fd5366e0000-7fd5366e1000 r--p 00017000 103:02 26612702                  /lib/x86_64-linux-gnu/libpthread-2.23.so
7fd5366e1000-7fd5366e2000 rw-p 00018000 103:02 26612702                  /lib/x86_64-linux-gnu/libpthread-2.23.so
7fd5366e2000-7fd5366e6000 rw-p 00000000 00:00 0 
7fd5366e6000-7fd53670c000 r-xp 00000000 103:02 26612701                  /lib/x86_64-linux-gnu/ld-2.23.so
7fd53670c000-7fd53670d000 r--s 00000000 103:02 23466514                  /usr/lib/jvm/java-8-oracle/jre/lib/management-agent.jar
7fd53670d000-7fd536712000 r--s 0009d000 103:02 23466535                  /usr/lib/jvm/java-8-oracle/jre/lib/jsse.jar
7fd536712000-7fd536714000 r--s 00007000 103:02 23466608                  /usr/lib/jvm/java-8-oracle/jre/lib/jfxswt.jar
7fd536714000-7fd536719000 r--s 00084000 103:02 23466507                  /usr/lib/jvm/java-8-oracle/jre/lib/jfr.jar
7fd536719000-7fd5367ea000 rw-p 00000000 00:00 0 
7fd5367ea000-7fd5367ed000 ---p 00000000 00:00 0 
7fd5367ed000-7fd5368f0000 rw-p 00000000 00:00 0 
7fd5368f0000-7fd5368f3000 r--s 0001a000 103:02 23466606                  /usr/lib/jvm/java-8-oracle/jre/lib/jce.jar
7fd5368f3000-7fd5368fc000 r--s 0006d000 103:02 23466517                  /usr/lib/jvm/java-8-oracle/jre/lib/javaws.jar
7fd5368fc000-7fd536901000 r--s 002f9000 103:02 23466528                  /usr/lib/jvm/java-8-oracle/jre/lib/charsets.jar
7fd536901000-7fd536909000 rw-s 00000000 103:02 19537378                  /tmp/hsperfdata_jiafu/17154
7fd536909000-7fd53690a000 rw-p 00000000 00:00 0 
7fd53690a000-7fd53690b000 r--p 00000000 00:00 0 
7fd53690b000-7fd53690c000 r--p 00025000 103:02 26612701                  /lib/x86_64-linux-gnu/ld-2.23.so
7fd53690c000-7fd53690d000 rw-p 00026000 103:02 26612701                  /lib/x86_64-linux-gnu/ld-2.23.so
7fd53690d000-7fd53690e000 rw-p 00000000 00:00 0 
7fff95d26000-7fff95d48000 rw-p 00000000 00:00 0                          [stack]
7fff95dde000-7fff95de1000 r--p 00000000 00:00 0                          [vvar]
7fff95de1000-7fff95de3000 r-xp 00000000 00:00 0                          [vdso]
ffffffffff600000-ffffffffff601000 r-xp 00000000 00:00 0                  [vsyscall]

VM Arguments:
jvm_args: -agentlib:jdwp=transport=dt_socket,address=127.0.0.1:33939,suspend=y,server=n -javaagent:/home/jiafu/intellij/lib/rt/debugger-agent.jar -Dfile.encoding=UTF-8 
java_command: com.intel.hpnl.buffer.Client
java_class_path (initial): /usr/lib/jvm/java-8-oracle/jre/lib/charsets.jar:/usr/lib/jvm/java-8-oracle/jre/lib/deploy.jar:/usr/lib/jvm/java-8-oracle/jre/lib/ext/cldrdata.jar:/usr/lib/jvm/java-8-oracle/jre/lib/ext/dnsns.jar:/usr/lib/jvm/java-8-oracle/jre/lib/ext/jaccess.jar:/usr/lib/jvm/java-8-oracle/jre/lib/ext/jfxrt.jar:/usr/lib/jvm/java-8-oracle/jre/lib/ext/localedata.jar:/usr/lib/jvm/java-8-oracle/jre/lib/ext/nashorn.jar:/usr/lib/jvm/java-8-oracle/jre/lib/ext/sunec.jar:/usr/lib/jvm/java-8-oracle/jre/lib/ext/sunjce_provider.jar:/usr/lib/jvm/java-8-oracle/jre/lib/ext/sunpkcs11.jar:/usr/lib/jvm/java-8-oracle/jre/lib/ext/zipfs.jar:/usr/lib/jvm/java-8-oracle/jre/lib/javaws.jar:/usr/lib/jvm/java-8-oracle/jre/lib/jce.jar:/usr/lib/jvm/java-8-oracle/jre/lib/jfr.jar:/usr/lib/jvm/java-8-oracle/jre/lib/jfxswt.jar:/usr/lib/jvm/java-8-oracle/jre/lib/jsse.jar:/usr/lib/jvm/java-8-oracle/jre/lib/management-agent.jar:/usr/lib/jvm/java-8-oracle/jre/lib/plugin.jar:/usr/lib/jvm/java-8-oracle/jre/lib/resources.jar:/usr/lib/jvm/java-8-oracle/jre/lib/rt.jar:/code-repo/HPNL/HPNL/java/hpnl/target/test-classes:/code-repo/HPNL/HPNL/java/hpnl/target/classes:/home/jiafu/.m2/repository/io/netty/netty-all/4.1.22.Final/netty-all-4.1.22.Final.jar:/home/jiafu/intellij/lib/idea_rt.jar:/home/jiafu/intellij/lib/rt/debugger-agent.jar
Launcher Type: SUN_STANDARD

Environment Variables:
JAVA_HOME=/usr/lib/jvm/java-8-oracle
PATH=/home/jiafu/bin:/home/jiafu/.local/bin:/opt/scala/bin:/opt/maven-3.6.0/bin:/usr/local/sbin:/usr/local/bin:/usr/sbin:/usr/bin:/sbin:/bin:/usr/games:/usr/local/games:/snap/bin:/usr/lib/jvm/java-8-oracle/bin:/usr/lib/jvm/java-8-oracle/db/bin:/usr/lib/jvm/java-8-oracle/jre/bin
LD_LIBRARY_PATH=/usr/local/lib
SHELL=/bin/bash
DISPLAY=:0

Signal Handlers:
SIGSEGV: [libjvm.so+0xad2a40], sa_mask[0]=11111111011111111101111111111110, sa_flags=SA_RESTART|SA_SIGINFO
SIGBUS: [libjvm.so+0xad2a40], sa_mask[0]=11111111011111111101111111111110, sa_flags=SA_RESTART|SA_SIGINFO
SIGFPE: [libjvm.so+0x92a610], sa_mask[0]=11111111011111111101111111111110, sa_flags=SA_RESTART|SA_SIGINFO
SIGPIPE: [libjvm.so+0x92a610], sa_mask[0]=11111111011111111101111111111110, sa_flags=SA_RESTART|SA_SIGINFO
SIGXFSZ: [libjvm.so+0x92a610], sa_mask[0]=11111111011111111101111111111110, sa_flags=SA_RESTART|SA_SIGINFO
SIGILL: [libjvm.so+0x92a610], sa_mask[0]=11111111011111111101111111111110, sa_flags=SA_RESTART|SA_SIGINFO
SIGUSR1: SIG_DFL, sa_mask[0]=00000000000000000000000000000000, sa_flags=none
SIGUSR2: [libjvm.so+0x92be70], sa_mask[0]=00100000000000000000000000000000, sa_flags=SA_RESTART|SA_SIGINFO
SIGHUP: [libjvm.so+0x92d270], sa_mask[0]=11111111011111111101111111111110, sa_flags=SA_RESTART|SA_SIGINFO
SIGINT: [libjvm.so+0x92d270], sa_mask[0]=11111111011111111101111111111110, sa_flags=SA_RESTART|SA_SIGINFO
SIGTERM: [libjvm.so+0x92d270], sa_mask[0]=11111111011111111101111111111110, sa_flags=SA_RESTART|SA_SIGINFO
SIGQUIT: [libjvm.so+0x92d270], sa_mask[0]=11111111011111111101111111111110, sa_flags=SA_RESTART|SA_SIGINFO


---------------  S Y S T E M  ---------------

OS:DISTRIB_ID=Ubuntu
DISTRIB_RELEASE=16.04
DISTRIB_CODENAME=xenial
DISTRIB_DESCRIPTION="Ubuntu 16.04.5 LTS"

uname:Linux 4.4.0-141-generic #167-Ubuntu SMP Wed Dec 5 10:40:15 UTC 2018 x86_64
libc:glibc 2.23 NPTL 2.23 
rlimit: STACK 8192k, CORE 0k, NPROC 256416, NOFILE 1048576, AS infinity
load average:0.16 0.28 0.26

/proc/meminfo:
MemTotal:       65811588 kB
MemFree:        48436164 kB
MemAvailable:   58705844 kB
Buffers:          731548 kB
Cached:          9198056 kB
SwapCached:            0 kB
Active:         12546072 kB
Inactive:        3354888 kB
Active(anon):    5978240 kB
Inactive(anon):   116180 kB
Active(file):    6567832 kB
Inactive(file):  3238708 kB
Unevictable:          32 kB
Mlocked:              32 kB
SwapTotal:      66941948 kB
SwapFree:       66941948 kB
Dirty:               104 kB
Writeback:             0 kB
AnonPages:       5971568 kB
Mapped:           507248 kB
Shmem:            123068 kB
Slab:            1107724 kB
SReclaimable:     996100 kB
SUnreclaim:       111624 kB
KernelStack:       21424 kB
PageTables:        53052 kB
NFS_Unstable:          0 kB
Bounce:                0 kB
WritebackTmp:          0 kB
CommitLimit:    99847740 kB
Committed_AS:   15194096 kB
VmallocTotal:   34359738367 kB
VmallocUsed:           0 kB
VmallocChunk:          0 kB
HardwareCorrupted:     0 kB
AnonHugePages:         0 kB
CmaTotal:              0 kB
CmaFree:               0 kB
HugePages_Total:       0
HugePages_Free:        0
HugePages_Rsvd:        0
HugePages_Surp:        0
Hugepagesize:       2048 kB
DirectMap4k:      393180 kB
DirectMap2M:    21460992 kB
DirectMap1G:    46137344 kB


CPU:total 20 (initial active 20) (10 cores per cpu, 2 threads per core) family 6 model 79 stepping 1, cmov, cx8, fxsr, mmx, sse, sse2, sse3, ssse3, sse4.1, sse4.2, popcnt, avx, avx2, aes, clmul, erms, rtm, 3dnowpref, lzcnt, ht, tsc, tscinvbit, bmi1, bmi2, adx

/proc/cpuinfo:
processor	: 0
vendor_id	: GenuineIntel
cpu family	: 6
model		: 79
model name	: Intel(R) Core(TM) i7-6950X CPU @ 3.00GHz
stepping	: 1
microcode	: 0xb00002e
cpu MHz		: 1200.000
cache size	: 25600 KB
physical id	: 0
siblings	: 20
core id		: 0
cpu cores	: 10
apicid		: 0
initial apicid	: 0
fpu		: yes
fpu_exception	: yes
cpuid level	: 20
wp		: yes
flags		: fpu vme de pse tsc msr pae mce cx8 apic sep mtrr pge mca cmov pat pse36 clflush dts acpi mmx fxsr sse sse2 ss ht tm pbe syscall nx pdpe1gb rdtscp lm constant_tsc arch_perfmon pebs bts rep_good nopl xtopology nonstop_tsc aperfmperf pni pclmulqdq dtes64 ds_cpl vmx est tm2 ssse3 sdbg fma cx16 xtpr pdcm pcid dca sse4_1 sse4_2 x2apic movbe popcnt tsc_deadline_timer aes xsave avx f16c rdrand lahf_lm abm 3dnowprefetch epb invpcid_single intel_pt ssbd ibrs ibpb stibp kaiser tpr_shadow vnmi flexpriority ept vpid fsgsbase tsc_adjust bmi1 hle avx2 smep bmi2 erms invpcid rtm cqm rdseed adx smap xsaveopt cqm_llc cqm_occup_llc cqm_mbm_total cqm_mbm_local dtherm ida arat pln pts flush_l1d
bugs		: cpu_meltdown spectre_v1 spectre_v2 spec_store_bypass l1tf
bogomips	: 6000.12
clflush size	: 64
cache_alignment	: 64
address sizes	: 46 bits physical, 48 bits virtual
power management:

processor	: 1
vendor_id	: GenuineIntel
cpu family	: 6
model		: 79
model name	: Intel(R) Core(TM) i7-6950X CPU @ 3.00GHz
stepping	: 1
microcode	: 0xb00002e
cpu MHz		: 1399.921
cache size	: 25600 KB
physical id	: 0
siblings	: 20
core id		: 1
cpu cores	: 10
apicid		: 2
initial apicid	: 2
fpu		: yes
fpu_exception	: yes
cpuid level	: 20
wp		: yes
flags		: fpu vme de pse tsc msr pae mce cx8 apic sep mtrr pge mca cmov pat pse36 clflush dts acpi mmx fxsr sse sse2 ss ht tm pbe syscall nx pdpe1gb rdtscp lm constant_tsc arch_perfmon pebs bts rep_good nopl xtopology nonstop_tsc aperfmperf pni pclmulqdq dtes64 ds_cpl vmx est tm2 ssse3 sdbg fma cx16 xtpr pdcm pcid dca sse4_1 sse4_2 x2apic movbe popcnt tsc_deadline_timer aes xsave avx f16c rdrand lahf_lm abm 3dnowprefetch epb invpcid_single intel_pt ssbd ibrs ibpb stibp kaiser tpr_shadow vnmi flexpriority ept vpid fsgsbase tsc_adjust bmi1 hle avx2 smep bmi2 erms invpcid rtm cqm rdseed adx smap xsaveopt cqm_llc cqm_occup_llc cqm_mbm_total cqm_mbm_local dtherm ida arat pln pts flush_l1d
bugs		: cpu_meltdown spectre_v1 spectre_v2 spec_store_bypass l1tf
bogomips	: 6000.12
clflush size	: 64
cache_alignment	: 64
address sizes	: 46 bits physical, 48 bits virtual
power management:

processor	: 2
vendor_id	: GenuineIntel
cpu family	: 6
model		: 79
model name	: Intel(R) Core(TM) i7-6950X CPU @ 3.00GHz
stepping	: 1
microcode	: 0xb00002e
cpu MHz		: 1222.968
cache size	: 25600 KB
physical id	: 0
siblings	: 20
core id		: 2
cpu cores	: 10
apicid		: 4
initial apicid	: 4
fpu		: yes
fpu_exception	: yes
cpuid level	: 20
wp		: yes
flags		: fpu vme de pse tsc msr pae mce cx8 apic sep mtrr pge mca cmov pat pse36 clflush dts acpi mmx fxsr sse sse2 ss ht tm pbe syscall nx pdpe1gb rdtscp lm constant_tsc arch_perfmon pebs bts rep_good nopl xtopology nonstop_tsc aperfmperf pni pclmulqdq dtes64 ds_cpl vmx est tm2 ssse3 sdbg fma cx16 xtpr pdcm pcid dca sse4_1 sse4_2 x2apic movbe popcnt tsc_deadline_timer aes xsave avx f16c rdrand lahf_lm abm 3dnowprefetch epb invpcid_single intel_pt ssbd ibrs ibpb stibp kaiser tpr_shadow vnmi flexpriority ept vpid fsgsbase tsc_adjust bmi1 hle avx2 smep bmi2 erms invpcid rtm cqm rdseed adx smap xsaveopt cqm_llc cqm_occup_llc cqm_mbm_total cqm_mbm_local dtherm ida arat pln pts flush_l1d
bugs		: cpu_meltdown spectre_v1 spectre_v2 spec_store_bypass l1tf
bogomips	: 6000.12
clflush size	: 64
cache_alignment	: 64
address sizes	: 46 bits physical, 48 bits virtual
power management:

processor	: 3
vendor_id	: GenuineIntel
cpu family	: 6
model		: 79
model name	: Intel(R) Core(TM) i7-6950X CPU @ 3.00GHz
stepping	: 1
microcode	: 0xb00002e
cpu MHz		: 1199.882
cache size	: 25600 KB
physical id	: 0
siblings	: 20
core id		: 3
cpu cores	: 10
apicid		: 6
initial apicid	: 6
fpu		: yes
fpu_exception	: yes
cpuid level	: 20
wp		: yes
flags		: fpu vme de pse tsc msr pae mce cx8 apic sep mtrr pge mca cmov pat pse36 clflush dts acpi mmx fxsr sse sse2 ss ht tm pbe syscall nx pdpe1gb rdtscp lm constant_tsc arch_perfmon pebs bts rep_good nopl xtopology nonstop_tsc aperfmperf pni pclmulqdq dtes64 ds_cpl vmx est tm2 ssse3 sdbg fma cx16 xtpr pdcm pcid dca sse4_1 sse4_2 x2apic movbe popcnt tsc_deadline_timer aes xsave avx f16c rdrand lahf_lm abm 3dnowprefetch epb invpcid_single intel_pt ssbd ibrs ibpb stibp kaiser tpr_shadow vnmi flexpriority ept vpid fsgsbase tsc_adjust bmi1 hle avx2 smep bmi2 erms invpcid rtm cqm rdseed adx smap xsaveopt cqm_llc cqm_occup_llc cqm_mbm_total cqm_mbm_local dtherm ida arat pln pts flush_l1d
bugs		: cpu_meltdown spectre_v1 spectre_v2 spec_store_bypass l1tf
bogomips	: 6000.12
clflush size	: 64
cache_alignment	: 64
address sizes	: 46 bits physical, 48 bits virtual
power management:

processor	: 4
vendor_id	: GenuineIntel
cpu family	: 6
model		: 79
model name	: Intel(R) Core(TM) i7-6950X CPU @ 3.00GHz
stepping	: 1
microcode	: 0xb00002e
cpu MHz		: 1356.914
cache size	: 25600 KB
physical id	: 0
siblings	: 20
core id		: 4
cpu cores	: 10
apicid		: 8
initial apicid	: 8
fpu		: yes
fpu_exception	: yes
cpuid level	: 20
wp		: yes
flags		: fpu vme de pse tsc msr pae mce cx8 apic sep mtrr pge mca cmov pat pse36 clflush dts acpi mmx fxsr sse sse2 ss ht tm pbe syscall nx pdpe1gb rdtscp lm constant_tsc arch_perfmon pebs bts rep_good nopl xtopology nonstop_tsc aperfmperf pni pclmulqdq dtes64 ds_cpl vmx est tm2 ssse3 sdbg fma cx16 xtpr pdcm pcid dca sse4_1 sse4_2 x2apic movbe popcnt tsc_deadline_timer aes xsave avx f16c rdrand lahf_lm abm 3dnowprefetch epb invpcid_single intel_pt ssbd ibrs ibpb stibp kaiser tpr_shadow vnmi flexpriority ept vpid fsgsbase tsc_adjust bmi1 hle avx2 smep bmi2 erms invpcid rtm cqm rdseed adx smap xsaveopt cqm_llc cqm_occup_llc cqm_mbm_total cqm_mbm_local dtherm ida arat pln pts flush_l1d
bugs		: cpu_meltdown spectre_v1 spectre_v2 spec_store_bypass l1tf
bogomips	: 6000.12
clflush size	: 64
cache_alignment	: 64
address sizes	: 46 bits physical, 48 bits virtual
power management:

processor	: 5
vendor_id	: GenuineIntel
cpu family	: 6
model		: 79
model name	: Intel(R) Core(TM) i7-6950X CPU @ 3.00GHz
stepping	: 1
microcode	: 0xb00002e
cpu MHz		: 1227.304
cache size	: 25600 KB
physical id	: 0
siblings	: 20
core id		: 8
cpu cores	: 10
apicid		: 16
initial apicid	: 16
fpu		: yes
fpu_exception	: yes
cpuid level	: 20
wp		: yes
flags		: fpu vme de pse tsc msr pae mce cx8 apic sep mtrr pge mca cmov pat pse36 clflush dts acpi mmx fxsr sse sse2 ss ht tm pbe syscall nx pdpe1gb rdtscp lm constant_tsc arch_perfmon pebs bts rep_good nopl xtopology nonstop_tsc aperfmperf pni pclmulqdq dtes64 ds_cpl vmx est tm2 ssse3 sdbg fma cx16 xtpr pdcm pcid dca sse4_1 sse4_2 x2apic movbe popcnt tsc_deadline_timer aes xsave avx f16c rdrand lahf_lm abm 3dnowprefetch epb invpcid_single intel_pt ssbd ibrs ibpb stibp kaiser tpr_shadow vnmi flexpriority ept vpid fsgsbase tsc_adjust bmi1 hle avx2 smep bmi2 erms invpcid rtm cqm rdseed adx smap xsaveopt cqm_llc cqm_occup_llc cqm_mbm_total cqm_mbm_local dtherm ida arat pln pts flush_l1d
bugs		: cpu_meltdown spectre_v1 spectre_v2 spec_store_bypass l1tf
bogomips	: 6000.12
clflush size	: 64
cache_alignment	: 64
address sizes	: 46 bits physical, 48 bits virtual
power management:

processor	: 6
vendor_id	: GenuineIntel
cpu family	: 6
model		: 79
model name	: Intel(R) Core(TM) i7-6950X CPU @ 3.00GHz
stepping	: 1
microcode	: 0xb00002e
cpu MHz		: 1207.968
cache size	: 25600 KB
physical id	: 0
siblings	: 20
core id		: 9
cpu cores	: 10
apicid		: 18
initial apicid	: 18
fpu		: yes
fpu_exception	: yes
cpuid level	: 20
wp		: yes
flags		: fpu vme de pse tsc msr pae mce cx8 apic sep mtrr pge mca cmov pat pse36 clflush dts acpi mmx fxsr sse sse2 ss ht tm pbe syscall nx pdpe1gb rdtscp lm constant_tsc arch_perfmon pebs bts rep_good nopl xtopology nonstop_tsc aperfmperf pni pclmulqdq dtes64 ds_cpl vmx est tm2 ssse3 sdbg fma cx16 xtpr pdcm pcid dca sse4_1 sse4_2 x2apic movbe popcnt tsc_deadline_timer aes xsave avx f16c rdrand lahf_lm abm 3dnowprefetch epb invpcid_single intel_pt ssbd ibrs ibpb stibp kaiser tpr_shadow vnmi flexpriority ept vpid fsgsbase tsc_adjust bmi1 hle avx2 smep bmi2 erms invpcid rtm cqm rdseed adx smap xsaveopt cqm_llc cqm_occup_llc cqm_mbm_total cqm_mbm_local dtherm ida arat pln pts flush_l1d
bugs		: cpu_meltdown spectre_v1 spectre_v2 spec_store_bypass l1tf
bogomips	: 6000.12
clflush size	: 64
cache_alignment	: 64
address sizes	: 46 bits physical, 48 bits virtual
power management:

processor	: 7
vendor_id	: GenuineIntel
cpu family	: 6
model		: 79
model name	: Intel(R) Core(TM) i7-6950X CPU @ 3.00GHz
stepping	: 1
microcode	: 0xb00002e
cpu MHz		: 1274.531
cache size	: 25600 KB
physical id	: 0
siblings	: 20
core id		: 10
cpu cores	: 10
apicid		: 20
initial apicid	: 20
fpu		: yes
fpu_exception	: yes
cpuid level	: 20
wp		: yes
flags		: fpu vme de pse tsc msr pae mce cx8 apic sep mtrr pge mca cmov pat pse36 clflush dts acpi mmx fxsr sse sse2 ss ht tm pbe syscall nx pdpe1gb rdtscp lm constant_tsc arch_perfmon pebs bts rep_good nopl xtopology nonstop_tsc aperfmperf pni pclmulqdq dtes64 ds_cpl vmx est tm2 ssse3 sdbg fma cx16 xtpr pdcm pcid dca sse4_1 sse4_2 x2apic movbe popcnt tsc_deadline_timer aes xsave avx f16c rdrand lahf_lm abm 3dnowprefetch epb invpcid_single intel_pt ssbd ibrs ibpb stibp kaiser tpr_shadow vnmi flexpriority ept vpid fsgsbase tsc_adjust bmi1 hle avx2 smep bmi2 erms invpcid rtm cqm rdseed adx smap xsaveopt cqm_llc cqm_occup_llc cqm_mbm_total cqm_mbm_local dtherm ida arat pln pts flush_l1d
bugs		: cpu_meltdown spectre_v1 spectre_v2 spec_store_bypass l1tf
bogomips	: 6000.12
clflush size	: 64
cache_alignment	: 64
address sizes	: 46 bits physical, 48 bits virtual
power management:

processor	: 8
vendor_id	: GenuineIntel
cpu family	: 6
model		: 79
model name	: Intel(R) Core(TM) i7-6950X CPU @ 3.00GHz
stepping	: 1
microcode	: 0xb00002e
cpu MHz		: 1199.882
cache size	: 25600 KB
physical id	: 0
siblings	: 20
core id		: 11
cpu cores	: 10
apicid		: 22
initial apicid	: 22
fpu		: yes
fpu_exception	: yes
cpuid level	: 20
wp		: yes
flags		: fpu vme de pse tsc msr pae mce cx8 apic sep mtrr pge mca cmov pat pse36 clflush dts acpi mmx fxsr sse sse2 ss ht tm pbe syscall nx pdpe1gb rdtscp lm constant_tsc arch_perfmon pebs bts rep_good nopl xtopology nonstop_tsc aperfmperf pni pclmulqdq dtes64 ds_cpl vmx est tm2 ssse3 sdbg fma cx16 xtpr pdcm pcid dca sse4_1 sse4_2 x2apic movbe popcnt tsc_deadline_timer aes xsave avx f16c rdrand lahf_lm abm 3dnowprefetch epb invpcid_single intel_pt ssbd ibrs ibpb stibp kaiser tpr_shadow vnmi flexpriority ept vpid fsgsbase tsc_adjust bmi1 hle avx2 smep bmi2 erms invpcid rtm cqm rdseed adx smap xsaveopt cqm_llc cqm_occup_llc cqm_mbm_total cqm_mbm_local dtherm ida arat pln pts flush_l1d
bugs		: cpu_meltdown spectre_v1 spectre_v2 spec_store_bypass l1tf
bogomips	: 6000.12
clflush size	: 64
cache_alignment	: 64
address sizes	: 46 bits physical, 48 bits virtual
power management:

processor	: 9
vendor_id	: GenuineIntel
cpu family	: 6
model		: 79
model name	: Intel(R) Core(TM) i7-6950X CPU @ 3.00GHz
stepping	: 1
microcode	: 0xb00002e
cpu MHz		: 1296.445
cache size	: 25600 KB
physical id	: 0
siblings	: 20
core id		: 12
cpu cores	: 10
apicid		: 24
initial apicid	: 24
fpu		: yes
fpu_exception	: yes
cpuid level	: 20
wp		: yes
flags		: fpu vme de pse tsc msr pae mce cx8 apic sep mtrr pge mca cmov pat pse36 clflush dts acpi mmx fxsr sse sse2 ss ht tm pbe syscall nx pdpe1gb rdtscp lm constant_tsc arch_perfmon pebs bts rep_good nopl xtopology nonstop_tsc aperfmperf pni pclmulqdq dtes64 ds_cpl vmx est tm2 ssse3 sdbg fma cx16 xtpr pdcm pcid dca sse4_1 sse4_2 x2apic movbe popcnt tsc_deadline_timer aes xsave avx f16c rdrand lahf_lm abm 3dnowprefetch epb invpcid_single intel_pt ssbd ibrs ibpb stibp kaiser tpr_shadow vnmi flexpriority ept vpid fsgsbase tsc_adjust bmi1 hle avx2 smep bmi2 erms invpcid rtm cqm rdseed adx smap xsaveopt cqm_llc cqm_occup_llc cqm_mbm_total cqm_mbm_local dtherm ida arat pln pts flush_l1d
bugs		: cpu_meltdown spectre_v1 spectre_v2 spec_store_bypass l1tf
bogomips	: 6000.12
clflush size	: 64
cache_alignment	: 64
address sizes	: 46 bits physical, 48 bits virtual
power management:

processor	: 10
vendor_id	: GenuineIntel
cpu family	: 6
model		: 79
model name	: Intel(R) Core(TM) i7-6950X CPU @ 3.00GHz
stepping	: 1
microcode	: 0xb00002e
cpu MHz		: 1292.109
cache size	: 25600 KB
physical id	: 0
siblings	: 20
core id		: 0
cpu cores	: 10
apicid		: 1
initial apicid	: 1
fpu		: yes
fpu_exception	: yes
cpuid level	: 20
wp		: yes
flags		: fpu vme de pse tsc msr pae mce cx8 apic sep mtrr pge mca cmov pat pse36 clflush dts acpi mmx fxsr sse sse2 ss ht tm pbe syscall nx pdpe1gb rdtscp lm constant_tsc arch_perfmon pebs bts rep_good nopl xtopology nonstop_tsc aperfmperf pni pclmulqdq dtes64 ds_cpl vmx est tm2 ssse3 sdbg fma cx16 xtpr pdcm pcid dca sse4_1 sse4_2 x2apic movbe popcnt tsc_deadline_timer aes xsave avx f16c rdrand lahf_lm abm 3dnowprefetch epb invpcid_single intel_pt ssbd ibrs ibpb stibp kaiser tpr_shadow vnmi flexpriority ept vpid fsgsbase tsc_adjust bmi1 hle avx2 smep bmi2 erms invpcid rtm cqm rdseed adx smap xsaveopt cqm_llc cqm_occup_llc cqm_mbm_total cqm_mbm_local dtherm ida arat pln pts flush_l1d
bugs		: cpu_meltdown spectre_v1 spectre_v2 spec_store_bypass l1tf
bogomips	: 6000.12
clflush size	: 64
cache_alignment	: 64
address sizes	: 46 bits physical, 48 bits virtual
power management:

processor	: 11
vendor_id	: GenuineIntel
cpu family	: 6
model		: 79
model name	: Intel(R) Core(TM) i7-6950X CPU @ 3.00GHz
stepping	: 1
microcode	: 0xb00002e
cpu MHz		: 1285.546
cache size	: 25600 KB
physical id	: 0
siblings	: 20
core id		: 1
cpu cores	: 10
apicid		: 3
initial apicid	: 3
fpu		: yes
fpu_exception	: yes
cpuid level	: 20
wp		: yes
flags		: fpu vme de pse tsc msr pae mce cx8 apic sep mtrr pge mca cmov pat pse36 clflush dts acpi mmx fxsr sse sse2 ss ht tm pbe syscall nx pdpe1gb rdtscp lm constant_tsc arch_perfmon pebs bts rep_good nopl xtopology nonstop_tsc aperfmperf pni pclmulqdq dtes64 ds_cpl vmx est tm2 ssse3 sdbg fma cx16 xtpr pdcm pcid dca sse4_1 sse4_2 x2apic movbe popcnt tsc_deadline_timer aes xsave avx f16c rdrand lahf_lm abm 3dnowprefetch epb invpcid_single intel_pt ssbd ibrs ibpb stibp kaiser tpr_shadow vnmi flexpriority ept vpid fsgsbase tsc_adjust bmi1 hle avx2 smep bmi2 erms invpcid rtm cqm rdseed adx smap xsaveopt cqm_llc cqm_occup_llc cqm_mbm_total cqm_mbm_local dtherm ida arat pln pts flush_l1d
bugs		: cpu_meltdown spectre_v1 spectre_v2 spec_store_bypass l1tf
bogomips	: 6000.12
clflush size	: 64
cache_alignment	: 64
address sizes	: 46 bits physical, 48 bits virtual
power management:

processor	: 12
vendor_id	: GenuineIntel
cpu family	: 6
model		: 79
model name	: Intel(R) Core(TM) i7-6950X CPU @ 3.00GHz
stepping	: 1
microcode	: 0xb00002e
cpu MHz		: 1297.500
cache size	: 25600 KB
physical id	: 0
siblings	: 20
core id		: 2
cpu cores	: 10
apicid		: 5
initial apicid	: 5
fpu		: yes
fpu_exception	: yes
cpuid level	: 20
wp		: yes
flags		: fpu vme de pse tsc msr pae mce cx8 apic sep mtrr pge mca cmov pat pse36 clflush dts acpi mmx fxsr sse sse2 ss ht tm pbe syscall nx pdpe1gb rdtscp lm constant_tsc arch_perfmon pebs bts rep_good nopl xtopology nonstop_tsc aperfmperf pni pclmulqdq dtes64 ds_cpl vmx est tm2 ssse3 sdbg fma cx16 xtpr pdcm pcid dca sse4_1 sse4_2 x2apic movbe popcnt tsc_deadline_timer aes xsave avx f16c rdrand lahf_lm abm 3dnowprefetch epb invpcid_single intel_pt ssbd ibrs ibpb stibp kaiser tpr_shadow vnmi flexpriority ept vpid fsgsbase tsc_adjust bmi1 hle avx2 smep bmi2 erms invpcid rtm cqm rdseed adx smap xsaveopt cqm_llc cqm_occup_llc cqm_mbm_total cqm_mbm_local dtherm ida arat pln pts flush_l1d
bugs		: cpu_meltdown spectre_v1 spectre_v2 spec_store_bypass l1tf
bogomips	: 6000.12
clflush size	: 64
cache_alignment	: 64
address sizes	: 46 bits physical, 48 bits virtual
power management:

processor	: 13
vendor_id	: GenuineIntel
cpu family	: 6
model		: 79
model name	: Intel(R) Core(TM) i7-6950X CPU @ 3.00GHz
stepping	: 1
microcode	: 0xb00002e
cpu MHz		: 1202.578
cache size	: 25600 KB
physical id	: 0
siblings	: 20
core id		: 3
cpu cores	: 10
apicid		: 7
initial apicid	: 7
fpu		: yes
fpu_exception	: yes
cpuid level	: 20
wp		: yes
flags		: fpu vme de pse tsc msr pae mce cx8 apic sep mtrr pge mca cmov pat pse36 clflush dts acpi mmx fxsr sse sse2 ss ht tm pbe syscall nx pdpe1gb rdtscp lm constant_tsc arch_perfmon pebs bts rep_good nopl xtopology nonstop_tsc aperfmperf pni pclmulqdq dtes64 ds_cpl vmx est tm2 ssse3 sdbg fma cx16 xtpr pdcm pcid dca sse4_1 sse4_2 x2apic movbe popcnt tsc_deadline_timer aes xsave avx f16c rdrand lahf_lm abm 3dnowprefetch epb invpcid_single intel_pt ssbd ibrs ibpb stibp kaiser tpr_shadow vnmi flexpriority ept vpid fsgsbase tsc_adjust bmi1 hle avx2 smep bmi2 erms invpcid rtm cqm rdseed adx smap xsaveopt cqm_llc cqm_occup_llc cqm_mbm_total cqm_mbm_local dtherm ida arat pln pts flush_l1d
bugs		: cpu_meltdown spectre_v1 spectre_v2 spec_store_bypass l1tf
bogomips	: 6000.12
clflush size	: 64
cache_alignment	: 64
address sizes	: 46 bits physical, 48 bits virtual
power management:

processor	: 14
vendor_id	: GenuineIntel
cpu family	: 6
model		: 79
model name	: Intel(R) Core(TM) i7-6950X CPU @ 3.00GHz
stepping	: 1
microcode	: 0xb00002e
cpu MHz		: 1200.234
cache size	: 25600 KB
physical id	: 0
siblings	: 20
core id		: 4
cpu cores	: 10
apicid		: 9
initial apicid	: 9
fpu		: yes
fpu_exception	: yes
cpuid level	: 20
wp		: yes
flags		: fpu vme de pse tsc msr pae mce cx8 apic sep mtrr pge mca cmov pat pse36 clflush dts acpi mmx fxsr sse sse2 ss ht tm pbe syscall nx pdpe1gb rdtscp lm constant_tsc arch_perfmon pebs bts rep_good nopl xtopology nonstop_tsc aperfmperf pni pclmulqdq dtes64 ds_cpl vmx est tm2 ssse3 sdbg fma cx16 xtpr pdcm pcid dca sse4_1 sse4_2 x2apic movbe popcnt tsc_deadline_timer aes xsave avx f16c rdrand lahf_lm abm 3dnowprefetch epb invpcid_single intel_pt ssbd ibrs ibpb stibp kaiser tpr_shadow vnmi flexpriority ept vpid fsgsbase tsc_adjust bmi1 hle avx2 smep bmi2 erms invpcid rtm cqm rdseed adx smap xsaveopt cqm_llc cqm_occup_llc cqm_mbm_total cqm_mbm_local dtherm ida arat pln pts flush_l1d
bugs		: cpu_meltdown spectre_v1 spectre_v2 spec_store_bypass l1tf
bogomips	: 6000.12
clflush size	: 64
cache_alignment	: 64
address sizes	: 46 bits physical, 48 bits virtual
power management:

processor	: 15
vendor_id	: GenuineIntel
cpu family	: 6
model		: 79
model name	: Intel(R) Core(TM) i7-6950X CPU @ 3.00GHz
stepping	: 1
microcode	: 0xb00002e
cpu MHz		: 1201.054
cache size	: 25600 KB
physical id	: 0
siblings	: 20
core id		: 8
cpu cores	: 10
apicid		: 17
initial apicid	: 17
fpu		: yes
fpu_exception	: yes
cpuid level	: 20
wp		: yes
flags		: fpu vme de pse tsc msr pae mce cx8 apic sep mtrr pge mca cmov pat pse36 clflush dts acpi mmx fxsr sse sse2 ss ht tm pbe syscall nx pdpe1gb rdtscp lm constant_tsc arch_perfmon pebs bts rep_good nopl xtopology nonstop_tsc aperfmperf pni pclmulqdq dtes64 ds_cpl vmx est tm2 ssse3 sdbg fma cx16 xtpr pdcm pcid dca sse4_1 sse4_2 x2apic movbe popcnt tsc_deadline_timer aes xsave avx f16c rdrand lahf_lm abm 3dnowprefetch epb invpcid_single intel_pt ssbd ibrs ibpb stibp kaiser tpr_shadow vnmi flexpriority ept vpid fsgsbase tsc_adjust bmi1 hle avx2 smep bmi2 erms invpcid rtm cqm rdseed adx smap xsaveopt cqm_llc cqm_occup_llc cqm_mbm_total cqm_mbm_local dtherm ida arat pln pts flush_l1d
bugs		: cpu_meltdown spectre_v1 spectre_v2 spec_store_bypass l1tf
bogomips	: 6000.12
clflush size	: 64
cache_alignment	: 64
address sizes	: 46 bits physical, 48 bits virtual
power management:

processor	: 16
vendor_id	: GenuineIntel
cpu family	: 6
model		: 79
model name	: Intel(R) Core(TM) i7-6950X CPU @ 3.00GHz
stepping	: 1
microcode	: 0xb00002e
cpu MHz		: 1200.000
cache size	: 25600 KB
physical id	: 0
siblings	: 20
core id		: 9
cpu cores	: 10
apicid		: 19
initial apicid	: 19
fpu		: yes
fpu_exception	: yes
cpuid level	: 20
wp		: yes
flags		: fpu vme de pse tsc msr pae mce cx8 apic sep mtrr pge mca cmov pat pse36 clflush dts acpi mmx fxsr sse sse2 ss ht tm pbe syscall nx pdpe1gb rdtscp lm constant_tsc arch_perfmon pebs bts rep_good nopl xtopology nonstop_tsc aperfmperf pni pclmulqdq dtes64 ds_cpl vmx est tm2 ssse3 sdbg fma cx16 xtpr pdcm pcid dca sse4_1 sse4_2 x2apic movbe popcnt tsc_deadline_timer aes xsave avx f16c rdrand lahf_lm abm 3dnowprefetch epb invpcid_single intel_pt ssbd ibrs ibpb stibp kaiser tpr_shadow vnmi flexpriority ept vpid fsgsbase tsc_adjust bmi1 hle avx2 smep bmi2 erms invpcid rtm cqm rdseed adx smap xsaveopt cqm_llc cqm_occup_llc cqm_mbm_total cqm_mbm_local dtherm ida arat pln pts flush_l1d
bugs		: cpu_meltdown spectre_v1 spectre_v2 spec_store_bypass l1tf
bogomips	: 6000.12
clflush size	: 64
cache_alignment	: 64
address sizes	: 46 bits physical, 48 bits virtual
power management:

processor	: 17
vendor_id	: GenuineIntel
cpu family	: 6
model		: 79
model name	: Intel(R) Core(TM) i7-6950X CPU @ 3.00GHz
stepping	: 1
microcode	: 0xb00002e
cpu MHz		: 1221.796
cache size	: 25600 KB
physical id	: 0
siblings	: 20
core id		: 10
cpu cores	: 10
apicid		: 21
initial apicid	: 21
fpu		: yes
fpu_exception	: yes
cpuid level	: 20
wp		: yes
flags		: fpu vme de pse tsc msr pae mce cx8 apic sep mtrr pge mca cmov pat pse36 clflush dts acpi mmx fxsr sse sse2 ss ht tm pbe syscall nx pdpe1gb rdtscp lm constant_tsc arch_perfmon pebs bts rep_good nopl xtopology nonstop_tsc aperfmperf pni pclmulqdq dtes64 ds_cpl vmx est tm2 ssse3 sdbg fma cx16 xtpr pdcm pcid dca sse4_1 sse4_2 x2apic movbe popcnt tsc_deadline_timer aes xsave avx f16c rdrand lahf_lm abm 3dnowprefetch epb invpcid_single intel_pt ssbd ibrs ibpb stibp kaiser tpr_shadow vnmi flexpriority ept vpid fsgsbase tsc_adjust bmi1 hle avx2 smep bmi2 erms invpcid rtm cqm rdseed adx smap xsaveopt cqm_llc cqm_occup_llc cqm_mbm_total cqm_mbm_local dtherm ida arat pln pts flush_l1d
bugs		: cpu_meltdown spectre_v1 spectre_v2 spec_store_bypass l1tf
bogomips	: 6000.12
clflush size	: 64
cache_alignment	: 64
address sizes	: 46 bits physical, 48 bits virtual
power management:

processor	: 18
vendor_id	: GenuineIntel
cpu family	: 6
model		: 79
model name	: Intel(R) Core(TM) i7-6950X CPU @ 3.00GHz
stepping	: 1
microcode	: 0xb00002e
cpu MHz		: 1200.000
cache size	: 25600 KB
physical id	: 0
siblings	: 20
core id		: 11
cpu cores	: 10
apicid		: 23
initial apicid	: 23
fpu		: yes
fpu_exception	: yes
cpuid level	: 20
wp		: yes
flags		: fpu vme de pse tsc msr pae mce cx8 apic sep mtrr pge mca cmov pat pse36 clflush dts acpi mmx fxsr sse sse2 ss ht tm pbe syscall nx pdpe1gb rdtscp lm constant_tsc arch_perfmon pebs bts rep_good nopl xtopology nonstop_tsc aperfmperf pni pclmulqdq dtes64 ds_cpl vmx est tm2 ssse3 sdbg fma cx16 xtpr pdcm pcid dca sse4_1 sse4_2 x2apic movbe popcnt tsc_deadline_timer aes xsave avx f16c rdrand lahf_lm abm 3dnowprefetch epb invpcid_single intel_pt ssbd ibrs ibpb stibp kaiser tpr_shadow vnmi flexpriority ept vpid fsgsbase tsc_adjust bmi1 hle avx2 smep bmi2 erms invpcid rtm cqm rdseed adx smap xsaveopt cqm_llc cqm_occup_llc cqm_mbm_total cqm_mbm_local dtherm ida arat pln pts flush_l1d
bugs		: cpu_meltdown spectre_v1 spectre_v2 spec_store_bypass l1tf
bogomips	: 6000.12
clflush size	: 64
cache_alignment	: 64
address sizes	: 46 bits physical, 48 bits virtual
power management:

processor	: 19
vendor_id	: GenuineIntel
cpu family	: 6
model		: 79
model name	: Intel(R) Core(TM) i7-6950X CPU @ 3.00GHz
stepping	: 1
microcode	: 0xb00002e
cpu MHz		: 1606.757
cache size	: 25600 KB
physical id	: 0
siblings	: 20
core id		: 12
cpu cores	: 10
apicid		: 25
initial apicid	: 25
fpu		: yes
fpu_exception	: yes
cpuid level	: 20
wp		: yes
flags		: fpu vme de pse tsc msr pae mce cx8 apic sep mtrr pge mca cmov pat pse36 clflush dts acpi mmx fxsr sse sse2 ss ht tm pbe syscall nx pdpe1gb rdtscp lm constant_tsc arch_perfmon pebs bts rep_good nopl xtopology nonstop_tsc aperfmperf pni pclmulqdq dtes64 ds_cpl vmx est tm2 ssse3 sdbg fma cx16 xtpr pdcm pcid dca sse4_1 sse4_2 x2apic movbe popcnt tsc_deadline_timer aes xsave avx f16c rdrand lahf_lm abm 3dnowprefetch epb invpcid_single intel_pt ssbd ibrs ibpb stibp kaiser tpr_shadow vnmi flexpriority ept vpid fsgsbase tsc_adjust bmi1 hle avx2 smep bmi2 erms invpcid rtm cqm rdseed adx smap xsaveopt cqm_llc cqm_occup_llc cqm_mbm_total cqm_mbm_local dtherm ida arat pln pts flush_l1d
bugs		: cpu_meltdown spectre_v1 spectre_v2 spec_store_bypass l1tf
bogomips	: 6000.12
clflush size	: 64
cache_alignment	: 64
address sizes	: 46 bits physical, 48 bits virtual
power management:



Memory: 4k page, physical 65811588k(48436164k free), swap 66941948k(66941948k free)

vm_info: Java HotSpot(TM) 64-Bit Server VM (25.181-b13) for linux-amd64 JRE (1.8.0_181-b13), built on Jul  7 2018 00:56:38 by "java_re" with gcc 4.3.0 20080428 (Red Hat 4.3.0-8)

time: Tue Mar  5 14:13:40 2019
elapsed time: 61 seconds (0d 0h 1m 1s)

